This file contains any messages produced by compilers while
running configure, to aid debugging if configure makes a mistake.

It was created by svtxcaloeval configure 1.00, which was
generated by GNU Autoconf 2.69.  Invocation command line was

  $ ../configure --prefix=/sphenix/user/takakiku/2025/github_test/SvtxCaloEval/build/../install CXX=/cvmfs/sphenix.sdcc.bnl.gov/alma9.2-gcc-14.2.0/opt/sphenix/core/gcc/14.2.0-2f0a0/x86_64-el9/bin/g++ CC=/cvmfs/sphenix.sdcc.bnl.gov/alma9.2-gcc-14.2.0/opt/sphenix/core/gcc/14.2.0-2f0a0/x86_64-el9/bin/gcc --no-create --no-recursion

## --------- ##
## Platform. ##
## --------- ##

hostname = sphnxuser04.sdcc.bnl.gov
uname -m = x86_64
uname -r = 5.14.0-570.19.1.el9_6.x86_64
uname -s = Linux
uname -v = #1 SMP PREEMPT_DYNAMIC Wed Jun 4 04:00:24 EDT 2025

/usr/bin/uname -p = x86_64
/bin/uname -X     = unknown

/bin/arch              = x86_64
/usr/bin/arch -k       = unknown
/usr/convex/getsysinfo = unknown
/usr/bin/hostinfo      = unknown
/bin/machine           = unknown
/usr/bin/oslevel       = unknown
/bin/universe          = unknown

PATH: /cvmfs/sphenix.sdcc.bnl.gov/alma9.2-gcc-14.2.0/opt/sphenix/core/gcc/14.2.0-2f0a0/x86_64-el9/bin
PATH: /cvmfs/sphenix.sdcc.bnl.gov/alma9.2-gcc-14.2.0/opt/sphenix/core/binutils/2.40-acaab/x86_64-el9/bin
PATH: /cvmfs/sphenix.sdcc.bnl.gov/alma9.2-gcc-14.2.0/release/release_ana/ana.521/bin
PATH: /cvmfs/sphenix.sdcc.bnl.gov/alma9.2-gcc-14.2.0/opt/sphenix/utils/bin
PATH: /cvmfs/sphenix.sdcc.bnl.gov/alma9.2-gcc-14.2.0/opt/sphenix/core/bin
PATH: /cvmfs/sphenix.sdcc.bnl.gov/alma9.2-gcc-14.2.0/opt/sphenix/core/root-6.32.06/bin
PATH: /cvmfs/sphenix.sdcc.bnl.gov/alma9.2-gcc-14.2.0/opt/sphenix/core/geant4.10.07.p04/bin
PATH: /usr/local/bin
PATH: /usr/bin
PATH: /usr/local/sbin
PATH: /usr/sbin


## ----------- ##
## Core tests. ##
## ----------- ##

configure:2170: loading site script /cvmfs/sphenix.sdcc.bnl.gov/alma9.2-gcc-14.2.0/opt/sphenix/core/etc/config.site
| # enable c++20 flag by default
| CXXFLAGS="-g -O2 -std=c++20"
| # Allow LD_LIBRARY_PATH to override RPATH
| LDFLAGS='-Wl,--enable-new-dtags'
configure:2313: checking for a BSD-compatible install
configure:2381: result: /usr/bin/install -c
configure:2392: checking whether build environment is sane
configure:2447: result: yes
configure:2598: checking for a thread-safe mkdir -p
configure:2637: result: /usr/bin/mkdir -p
configure:2644: checking for gawk
configure:2660: found /usr/bin/gawk
configure:2671: result: gawk
configure:2682: checking whether make sets $(MAKE)
configure:2704: result: yes
configure:2733: checking whether make supports nested variables
configure:2750: result: yes
configure:2988: checking for C++ compiler version
configure:2997: /cvmfs/sphenix.sdcc.bnl.gov/alma9.2-gcc-14.2.0/opt/sphenix/core/gcc/14.2.0-2f0a0/x86_64-el9/bin/g++ --version >&5
g++ (GCC) 14.2.0
Copyright (C) 2024 Free Software Foundation, Inc.
This is free software; see the source for copying conditions.  There is NO
warranty; not even for MERCHANTABILITY or FITNESS FOR A PARTICULAR PURPOSE.

configure:3008: $? = 0
configure:2997: /cvmfs/sphenix.sdcc.bnl.gov/alma9.2-gcc-14.2.0/opt/sphenix/core/gcc/14.2.0-2f0a0/x86_64-el9/bin/g++ -v >&5
Using built-in specs.
COLLECT_GCC=/cvmfs/sphenix.sdcc.bnl.gov/alma9.2-gcc-14.2.0/opt/sphenix/core/gcc/14.2.0-2f0a0/x86_64-el9/bin/g++
COLLECT_LTO_WRAPPER=/cvmfs/sphenix.sdcc.bnl.gov/alma9.2-gcc-14.2.0/opt/sphenix/core/gcc/14.2.0-2f0a0/x86_64-el9/bin/../libexec/gcc/x86_64-pc-linux-gnu/14.2.0/lto-wrapper
Target: x86_64-pc-linux-gnu
Configured with: /workspace/build/contrib/gcc-14.2.0/src/gcc/14.2.0/configure --prefix=/workspace/lcgcmake-install/gcc/14.2.0/x86_64-el9 --disable-nls --with-system-zlib --enable-languages=c,c++,fortran,lto,go --with-gnu-ld --with-gnu-as --enable-__cxa_atexit --disable-libunwind-exceptions --enable-gnu-unique-object --enable-plugin --with-linker-hash-style=gnu --enable-linker-build-id --enable-libstdcxx-time=rt --enable-shared --disable-libgcj --disable-multilib
Thread model: posix
Supported LTO compression algorithms: zlib zstd
gcc version 14.2.0 (GCC) 
configure:3008: $? = 0
configure:2997: /cvmfs/sphenix.sdcc.bnl.gov/alma9.2-gcc-14.2.0/opt/sphenix/core/gcc/14.2.0-2f0a0/x86_64-el9/bin/g++ -V >&5
g++: error: unrecognized command-line option '-V'
g++: fatal error: no input files
compilation terminated.
configure:3008: $? = 1
configure:2997: /cvmfs/sphenix.sdcc.bnl.gov/alma9.2-gcc-14.2.0/opt/sphenix/core/gcc/14.2.0-2f0a0/x86_64-el9/bin/g++ -qversion >&5
g++: error: unrecognized command-line option '-qversion'; did you mean '--version'?
g++: fatal error: no input files
compilation terminated.
configure:3008: $? = 1
configure:3028: checking whether the C++ compiler works
configure:3050: /cvmfs/sphenix.sdcc.bnl.gov/alma9.2-gcc-14.2.0/opt/sphenix/core/gcc/14.2.0-2f0a0/x86_64-el9/bin/g++ -g -O2 -std=c++20  -Wl,--enable-new-dtags conftest.cpp  >&5
configure:3054: $? = 0
configure:3102: result: yes
configure:3105: checking for C++ compiler default output file name
configure:3107: result: a.out
configure:3113: checking for suffix of executables
configure:3120: /cvmfs/sphenix.sdcc.bnl.gov/alma9.2-gcc-14.2.0/opt/sphenix/core/gcc/14.2.0-2f0a0/x86_64-el9/bin/g++ -o conftest -g -O2 -std=c++20  -Wl,--enable-new-dtags conftest.cpp  >&5
configure:3124: $? = 0
configure:3146: result: 
configure:3168: checking whether we are cross compiling
configure:3176: /cvmfs/sphenix.sdcc.bnl.gov/alma9.2-gcc-14.2.0/opt/sphenix/core/gcc/14.2.0-2f0a0/x86_64-el9/bin/g++ -o conftest -g -O2 -std=c++20  -Wl,--enable-new-dtags conftest.cpp  >&5
configure:3180: $? = 0
configure:3187: ./conftest
configure:3191: $? = 0
configure:3206: result: no
configure:3211: checking for suffix of object files
configure:3233: /cvmfs/sphenix.sdcc.bnl.gov/alma9.2-gcc-14.2.0/opt/sphenix/core/gcc/14.2.0-2f0a0/x86_64-el9/bin/g++ -c -g -O2 -std=c++20  conftest.cpp >&5
configure:3237: $? = 0
configure:3258: result: o
configure:3262: checking whether we are using the GNU C++ compiler
configure:3281: /cvmfs/sphenix.sdcc.bnl.gov/alma9.2-gcc-14.2.0/opt/sphenix/core/gcc/14.2.0-2f0a0/x86_64-el9/bin/g++ -c -g -O2 -std=c++20  conftest.cpp >&5
configure:3281: $? = 0
configure:3290: result: yes
configure:3299: checking whether /cvmfs/sphenix.sdcc.bnl.gov/alma9.2-gcc-14.2.0/opt/sphenix/core/gcc/14.2.0-2f0a0/x86_64-el9/bin/g++ accepts -g
configure:3319: /cvmfs/sphenix.sdcc.bnl.gov/alma9.2-gcc-14.2.0/opt/sphenix/core/gcc/14.2.0-2f0a0/x86_64-el9/bin/g++ -c -g  conftest.cpp >&5
configure:3319: $? = 0
configure:3360: result: yes
configure:3386: checking whether make supports the include directive
configure:3401: make -f confmf.GNU && cat confinc.out
make[1]: Entering directory '/gpfs/mnt/gpfs02/sphenix/user/takakiku/GitHub/SiCalo/SvtxCaloEval/build'
make[1]: Leaving directory '/gpfs/mnt/gpfs02/sphenix/user/takakiku/GitHub/SiCalo/SvtxCaloEval/build'
this is the am__doit target
configure:3404: $? = 0
configure:3423: result: yes (GNU style)
configure:3448: checking dependency style of /cvmfs/sphenix.sdcc.bnl.gov/alma9.2-gcc-14.2.0/opt/sphenix/core/gcc/14.2.0-2f0a0/x86_64-el9/bin/g++
configure:3559: result: gcc3
configure:3604: checking build system type
configure:3618: result: x86_64-pc-linux-gnu
configure:3638: checking host system type
configure:3651: result: x86_64-pc-linux-gnu
configure:3692: checking how to print strings
configure:3719: result: printf
configure:3788: checking for gcc
configure:3815: result: /cvmfs/sphenix.sdcc.bnl.gov/alma9.2-gcc-14.2.0/opt/sphenix/core/gcc/14.2.0-2f0a0/x86_64-el9/bin/gcc
configure:4044: checking for C compiler version
configure:4053: /cvmfs/sphenix.sdcc.bnl.gov/alma9.2-gcc-14.2.0/opt/sphenix/core/gcc/14.2.0-2f0a0/x86_64-el9/bin/gcc --version >&5
gcc (GCC) 14.2.0
Copyright (C) 2024 Free Software Foundation, Inc.
This is free software; see the source for copying conditions.  There is NO
warranty; not even for MERCHANTABILITY or FITNESS FOR A PARTICULAR PURPOSE.

configure:4064: $? = 0
configure:4053: /cvmfs/sphenix.sdcc.bnl.gov/alma9.2-gcc-14.2.0/opt/sphenix/core/gcc/14.2.0-2f0a0/x86_64-el9/bin/gcc -v >&5
Using built-in specs.
COLLECT_GCC=/cvmfs/sphenix.sdcc.bnl.gov/alma9.2-gcc-14.2.0/opt/sphenix/core/gcc/14.2.0-2f0a0/x86_64-el9/bin/gcc
COLLECT_LTO_WRAPPER=/cvmfs/sphenix.sdcc.bnl.gov/alma9.2-gcc-14.2.0/opt/sphenix/core/gcc/14.2.0-2f0a0/x86_64-el9/bin/../libexec/gcc/x86_64-pc-linux-gnu/14.2.0/lto-wrapper
Target: x86_64-pc-linux-gnu
Configured with: /workspace/build/contrib/gcc-14.2.0/src/gcc/14.2.0/configure --prefix=/workspace/lcgcmake-install/gcc/14.2.0/x86_64-el9 --disable-nls --with-system-zlib --enable-languages=c,c++,fortran,lto,go --with-gnu-ld --with-gnu-as --enable-__cxa_atexit --disable-libunwind-exceptions --enable-gnu-unique-object --enable-plugin --with-linker-hash-style=gnu --enable-linker-build-id --enable-libstdcxx-time=rt --enable-shared --disable-libgcj --disable-multilib
Thread model: posix
Supported LTO compression algorithms: zlib zstd
gcc version 14.2.0 (GCC) 
configure:4064: $? = 0
configure:4053: /cvmfs/sphenix.sdcc.bnl.gov/alma9.2-gcc-14.2.0/opt/sphenix/core/gcc/14.2.0-2f0a0/x86_64-el9/bin/gcc -V >&5
gcc: error: unrecognized command-line option '-V'
gcc: fatal error: no input files
compilation terminated.
configure:4064: $? = 1
configure:4053: /cvmfs/sphenix.sdcc.bnl.gov/alma9.2-gcc-14.2.0/opt/sphenix/core/gcc/14.2.0-2f0a0/x86_64-el9/bin/gcc -qversion >&5
gcc: error: unrecognized command-line option '-qversion'; did you mean '--version'?
gcc: fatal error: no input files
compilation terminated.
configure:4064: $? = 1
configure:4068: checking whether we are using the GNU C compiler
configure:4087: /cvmfs/sphenix.sdcc.bnl.gov/alma9.2-gcc-14.2.0/opt/sphenix/core/gcc/14.2.0-2f0a0/x86_64-el9/bin/gcc -c   conftest.c >&5
configure:4087: $? = 0
configure:4096: result: yes
configure:4105: checking whether /cvmfs/sphenix.sdcc.bnl.gov/alma9.2-gcc-14.2.0/opt/sphenix/core/gcc/14.2.0-2f0a0/x86_64-el9/bin/gcc accepts -g
configure:4125: /cvmfs/sphenix.sdcc.bnl.gov/alma9.2-gcc-14.2.0/opt/sphenix/core/gcc/14.2.0-2f0a0/x86_64-el9/bin/gcc -c -g  conftest.c >&5
configure:4125: $? = 0
configure:4166: result: yes
configure:4183: checking for /cvmfs/sphenix.sdcc.bnl.gov/alma9.2-gcc-14.2.0/opt/sphenix/core/gcc/14.2.0-2f0a0/x86_64-el9/bin/gcc option to accept ISO C89
configure:4246: /cvmfs/sphenix.sdcc.bnl.gov/alma9.2-gcc-14.2.0/opt/sphenix/core/gcc/14.2.0-2f0a0/x86_64-el9/bin/gcc  -c -g -O2  conftest.c >&5
configure:4246: $? = 0
configure:4259: result: none needed
configure:4284: checking whether /cvmfs/sphenix.sdcc.bnl.gov/alma9.2-gcc-14.2.0/opt/sphenix/core/gcc/14.2.0-2f0a0/x86_64-el9/bin/gcc understands -c and -o together
configure:4306: /cvmfs/sphenix.sdcc.bnl.gov/alma9.2-gcc-14.2.0/opt/sphenix/core/gcc/14.2.0-2f0a0/x86_64-el9/bin/gcc -c conftest.c -o conftest2.o
configure:4309: $? = 0
configure:4306: /cvmfs/sphenix.sdcc.bnl.gov/alma9.2-gcc-14.2.0/opt/sphenix/core/gcc/14.2.0-2f0a0/x86_64-el9/bin/gcc -c conftest.c -o conftest2.o
configure:4309: $? = 0
configure:4321: result: yes
configure:4340: checking dependency style of /cvmfs/sphenix.sdcc.bnl.gov/alma9.2-gcc-14.2.0/opt/sphenix/core/gcc/14.2.0-2f0a0/x86_64-el9/bin/gcc
configure:4451: result: gcc3
configure:4466: checking for a sed that does not truncate output
configure:4530: result: /usr/bin/sed
configure:4548: checking for grep that handles long lines and -e
configure:4606: result: /usr/bin/grep
configure:4611: checking for egrep
configure:4673: result: /usr/bin/grep -E
configure:4678: checking for fgrep
configure:4740: result: /usr/bin/grep -F
configure:4775: checking for ld used by /cvmfs/sphenix.sdcc.bnl.gov/alma9.2-gcc-14.2.0/opt/sphenix/core/gcc/14.2.0-2f0a0/x86_64-el9/bin/gcc
configure:4842: result: /cvmfs/sphenix.sdcc.bnl.gov/alma9.2-gcc-14.2.0/opt/sphenix/core/binutils/2.40-acaab/x86_64-el9/bin/ld
configure:4849: checking if the linker (/cvmfs/sphenix.sdcc.bnl.gov/alma9.2-gcc-14.2.0/opt/sphenix/core/binutils/2.40-acaab/x86_64-el9/bin/ld) is GNU ld
configure:4864: result: yes
configure:4876: checking for BSD- or MS-compatible name lister (nm)
configure:4930: result: /cvmfs/sphenix.sdcc.bnl.gov/alma9.2-gcc-14.2.0/opt/sphenix/core/binutils/2.40-acaab/x86_64-el9/bin/nm -B
configure:5060: checking the name lister (/cvmfs/sphenix.sdcc.bnl.gov/alma9.2-gcc-14.2.0/opt/sphenix/core/binutils/2.40-acaab/x86_64-el9/bin/nm -B) interface
configure:5067: /cvmfs/sphenix.sdcc.bnl.gov/alma9.2-gcc-14.2.0/opt/sphenix/core/gcc/14.2.0-2f0a0/x86_64-el9/bin/gcc -c -g -O2  conftest.c >&5
configure:5070: /cvmfs/sphenix.sdcc.bnl.gov/alma9.2-gcc-14.2.0/opt/sphenix/core/binutils/2.40-acaab/x86_64-el9/bin/nm -B "conftest.o"
configure:5073: output
0000000000000000 B some_variable
configure:5080: result: BSD nm
configure:5083: checking whether ln -s works
configure:5087: result: yes
configure:5095: checking the maximum length of command line arguments
configure:5226: result: 1572864
configure:5274: checking how to convert x86_64-pc-linux-gnu file names to x86_64-pc-linux-gnu format
configure:5314: result: func_convert_file_noop
configure:5321: checking how to convert x86_64-pc-linux-gnu file names to toolchain format
configure:5341: result: func_convert_file_noop
configure:5348: checking for /cvmfs/sphenix.sdcc.bnl.gov/alma9.2-gcc-14.2.0/opt/sphenix/core/binutils/2.40-acaab/x86_64-el9/bin/ld option to reload object files
configure:5355: result: -r
configure:5429: checking for objdump
configure:5445: found /cvmfs/sphenix.sdcc.bnl.gov/alma9.2-gcc-14.2.0/opt/sphenix/core/binutils/2.40-acaab/x86_64-el9/bin/objdump
configure:5456: result: objdump
configure:5488: checking how to recognize dependent libraries
configure:5688: result: pass_all
configure:5773: checking for dlltool
configure:5803: result: no
configure:5833: checking how to associate runtime and link libraries
configure:5860: result: printf %s\n
configure:5921: checking for ar
configure:5937: found /cvmfs/sphenix.sdcc.bnl.gov/alma9.2-gcc-14.2.0/opt/sphenix/core/binutils/2.40-acaab/x86_64-el9/bin/ar
configure:5948: result: ar
configure:5985: checking for archiver @FILE support
configure:6002: /cvmfs/sphenix.sdcc.bnl.gov/alma9.2-gcc-14.2.0/opt/sphenix/core/gcc/14.2.0-2f0a0/x86_64-el9/bin/gcc -c -g -O2  conftest.c >&5
configure:6002: $? = 0
configure:6005: ar cru libconftest.a @conftest.lst >&5
configure:6008: $? = 0
configure:6013: ar cru libconftest.a @conftest.lst >&5
ar: conftest.o: No such file or directory
configure:6016: $? = 1
configure:6028: result: @
configure:6086: checking for strip
configure:6102: found /cvmfs/sphenix.sdcc.bnl.gov/alma9.2-gcc-14.2.0/opt/sphenix/core/binutils/2.40-acaab/x86_64-el9/bin/strip
configure:6113: result: strip
configure:6185: checking for ranlib
configure:6201: found /cvmfs/sphenix.sdcc.bnl.gov/alma9.2-gcc-14.2.0/opt/sphenix/core/binutils/2.40-acaab/x86_64-el9/bin/ranlib
configure:6212: result: ranlib
configure:6314: checking command to parse /cvmfs/sphenix.sdcc.bnl.gov/alma9.2-gcc-14.2.0/opt/sphenix/core/binutils/2.40-acaab/x86_64-el9/bin/nm -B output from /cvmfs/sphenix.sdcc.bnl.gov/alma9.2-gcc-14.2.0/opt/sphenix/core/gcc/14.2.0-2f0a0/x86_64-el9/bin/gcc object
configure:6467: /cvmfs/sphenix.sdcc.bnl.gov/alma9.2-gcc-14.2.0/opt/sphenix/core/gcc/14.2.0-2f0a0/x86_64-el9/bin/gcc -c -g -O2  conftest.c >&5
configure:6470: $? = 0
configure:6474: /cvmfs/sphenix.sdcc.bnl.gov/alma9.2-gcc-14.2.0/opt/sphenix/core/binutils/2.40-acaab/x86_64-el9/bin/nm -B conftest.o \| sed -n -e 's/^.*[ ]\([ABCDGIRSTW][ABCDGIRSTW]*\)[ ][ ]*\([_A-Za-z][_A-Za-z0-9]*\)$/\1 \2 \2/p' | sed '/ __gnu_lto/d' \> conftest.nm
configure:6477: $? = 0
configure:6543: /cvmfs/sphenix.sdcc.bnl.gov/alma9.2-gcc-14.2.0/opt/sphenix/core/gcc/14.2.0-2f0a0/x86_64-el9/bin/gcc -o conftest -g -O2  -Wl,--enable-new-dtags conftest.c conftstm.o >&5
configure:6546: $? = 0
configure:6584: result: ok
configure:6631: checking for sysroot
configure:6661: result: no
configure:6668: checking for a working dd
configure:6706: result: /usr/bin/dd
configure:6710: checking how to truncate binary pipes
configure:6725: result: /usr/bin/dd bs=4096 count=1
configure:6861: /cvmfs/sphenix.sdcc.bnl.gov/alma9.2-gcc-14.2.0/opt/sphenix/core/gcc/14.2.0-2f0a0/x86_64-el9/bin/gcc -c -g -O2  conftest.c >&5
configure:6864: $? = 0
configure:7054: checking for mt
configure:7084: result: no
configure:7104: checking if : is a manifest tool
configure:7110: : '-?'
configure:7118: result: no
configure:7795: checking how to run the C preprocessor
configure:7826: /cvmfs/sphenix.sdcc.bnl.gov/alma9.2-gcc-14.2.0/opt/sphenix/core/gcc/14.2.0-2f0a0/x86_64-el9/bin/gcc -E  conftest.c
configure:7826: $? = 0
configure:7840: /cvmfs/sphenix.sdcc.bnl.gov/alma9.2-gcc-14.2.0/opt/sphenix/core/gcc/14.2.0-2f0a0/x86_64-el9/bin/gcc -E  conftest.c
conftest.c:11:10: fatal error: ac_nonexistent.h: No such file or directory
   11 | #include <ac_nonexistent.h>
      |          ^~~~~~~~~~~~~~~~~~
compilation terminated.
configure:7840: $? = 1
configure: failed program was:
| /* confdefs.h */
| #define PACKAGE_NAME "svtxcaloeval"
| #define PACKAGE_TARNAME "svtxcaloeval"
| #define PACKAGE_VERSION "1.00"
| #define PACKAGE_STRING "svtxcaloeval 1.00"
| #define PACKAGE_BUGREPORT ""
| #define PACKAGE_URL ""
| #define PACKAGE "svtxcaloeval"
| #define VERSION "1.00"
| /* end confdefs.h.  */
| #include <ac_nonexistent.h>
configure:7865: result: /cvmfs/sphenix.sdcc.bnl.gov/alma9.2-gcc-14.2.0/opt/sphenix/core/gcc/14.2.0-2f0a0/x86_64-el9/bin/gcc -E
configure:7885: /cvmfs/sphenix.sdcc.bnl.gov/alma9.2-gcc-14.2.0/opt/sphenix/core/gcc/14.2.0-2f0a0/x86_64-el9/bin/gcc -E  conftest.c
configure:7885: $? = 0
configure:7899: /cvmfs/sphenix.sdcc.bnl.gov/alma9.2-gcc-14.2.0/opt/sphenix/core/gcc/14.2.0-2f0a0/x86_64-el9/bin/gcc -E  conftest.c
conftest.c:11:10: fatal error: ac_nonexistent.h: No such file or directory
   11 | #include <ac_nonexistent.h>
      |          ^~~~~~~~~~~~~~~~~~
compilation terminated.
configure:7899: $? = 1
configure: failed program was:
| /* confdefs.h */
| #define PACKAGE_NAME "svtxcaloeval"
| #define PACKAGE_TARNAME "svtxcaloeval"
| #define PACKAGE_VERSION "1.00"
| #define PACKAGE_STRING "svtxcaloeval 1.00"
| #define PACKAGE_BUGREPORT ""
| #define PACKAGE_URL ""
| #define PACKAGE "svtxcaloeval"
| #define VERSION "1.00"
| /* end confdefs.h.  */
| #include <ac_nonexistent.h>
configure:7928: checking for ANSI C header files
configure:7948: /cvmfs/sphenix.sdcc.bnl.gov/alma9.2-gcc-14.2.0/opt/sphenix/core/gcc/14.2.0-2f0a0/x86_64-el9/bin/gcc -c -g -O2  conftest.c >&5
configure:7948: $? = 0
configure:8021: /cvmfs/sphenix.sdcc.bnl.gov/alma9.2-gcc-14.2.0/opt/sphenix/core/gcc/14.2.0-2f0a0/x86_64-el9/bin/gcc -o conftest -g -O2  -Wl,--enable-new-dtags conftest.c  >&5
configure:8021: $? = 0
configure:8021: ./conftest
configure:8021: $? = 0
configure:8032: result: yes
configure:8045: checking for sys/types.h
configure:8045: /cvmfs/sphenix.sdcc.bnl.gov/alma9.2-gcc-14.2.0/opt/sphenix/core/gcc/14.2.0-2f0a0/x86_64-el9/bin/gcc -c -g -O2  conftest.c >&5
configure:8045: $? = 0
configure:8045: result: yes
configure:8045: checking for sys/stat.h
configure:8045: /cvmfs/sphenix.sdcc.bnl.gov/alma9.2-gcc-14.2.0/opt/sphenix/core/gcc/14.2.0-2f0a0/x86_64-el9/bin/gcc -c -g -O2  conftest.c >&5
configure:8045: $? = 0
configure:8045: result: yes
configure:8045: checking for stdlib.h
configure:8045: /cvmfs/sphenix.sdcc.bnl.gov/alma9.2-gcc-14.2.0/opt/sphenix/core/gcc/14.2.0-2f0a0/x86_64-el9/bin/gcc -c -g -O2  conftest.c >&5
configure:8045: $? = 0
configure:8045: result: yes
configure:8045: checking for string.h
configure:8045: /cvmfs/sphenix.sdcc.bnl.gov/alma9.2-gcc-14.2.0/opt/sphenix/core/gcc/14.2.0-2f0a0/x86_64-el9/bin/gcc -c -g -O2  conftest.c >&5
configure:8045: $? = 0
configure:8045: result: yes
configure:8045: checking for memory.h
configure:8045: /cvmfs/sphenix.sdcc.bnl.gov/alma9.2-gcc-14.2.0/opt/sphenix/core/gcc/14.2.0-2f0a0/x86_64-el9/bin/gcc -c -g -O2  conftest.c >&5
configure:8045: $? = 0
configure:8045: result: yes
configure:8045: checking for strings.h
configure:8045: /cvmfs/sphenix.sdcc.bnl.gov/alma9.2-gcc-14.2.0/opt/sphenix/core/gcc/14.2.0-2f0a0/x86_64-el9/bin/gcc -c -g -O2  conftest.c >&5
configure:8045: $? = 0
configure:8045: result: yes
configure:8045: checking for inttypes.h
configure:8045: /cvmfs/sphenix.sdcc.bnl.gov/alma9.2-gcc-14.2.0/opt/sphenix/core/gcc/14.2.0-2f0a0/x86_64-el9/bin/gcc -c -g -O2  conftest.c >&5
configure:8045: $? = 0
configure:8045: result: yes
configure:8045: checking for stdint.h
configure:8045: /cvmfs/sphenix.sdcc.bnl.gov/alma9.2-gcc-14.2.0/opt/sphenix/core/gcc/14.2.0-2f0a0/x86_64-el9/bin/gcc -c -g -O2  conftest.c >&5
configure:8045: $? = 0
configure:8045: result: yes
configure:8045: checking for unistd.h
configure:8045: /cvmfs/sphenix.sdcc.bnl.gov/alma9.2-gcc-14.2.0/opt/sphenix/core/gcc/14.2.0-2f0a0/x86_64-el9/bin/gcc -c -g -O2  conftest.c >&5
configure:8045: $? = 0
configure:8045: result: yes
configure:8059: checking for dlfcn.h
configure:8059: /cvmfs/sphenix.sdcc.bnl.gov/alma9.2-gcc-14.2.0/opt/sphenix/core/gcc/14.2.0-2f0a0/x86_64-el9/bin/gcc -c -g -O2  conftest.c >&5
configure:8059: $? = 0
configure:8059: result: yes
configure:8325: checking for objdir
configure:8340: result: .libs
configure:8600: checking if /cvmfs/sphenix.sdcc.bnl.gov/alma9.2-gcc-14.2.0/opt/sphenix/core/gcc/14.2.0-2f0a0/x86_64-el9/bin/gcc supports -fno-rtti -fno-exceptions
configure:8618: /cvmfs/sphenix.sdcc.bnl.gov/alma9.2-gcc-14.2.0/opt/sphenix/core/gcc/14.2.0-2f0a0/x86_64-el9/bin/gcc -c -g -O2  -fno-rtti -fno-exceptions conftest.c >&5
cc1: warning: command-line option '-fno-rtti' is valid for C++/D/ObjC++ but not for C
configure:8622: $? = 0
configure:8635: result: no
configure:8993: checking for /cvmfs/sphenix.sdcc.bnl.gov/alma9.2-gcc-14.2.0/opt/sphenix/core/gcc/14.2.0-2f0a0/x86_64-el9/bin/gcc option to produce PIC
configure:9000: result: -fPIC -DPIC
configure:9008: checking if /cvmfs/sphenix.sdcc.bnl.gov/alma9.2-gcc-14.2.0/opt/sphenix/core/gcc/14.2.0-2f0a0/x86_64-el9/bin/gcc PIC flag -fPIC -DPIC works
configure:9026: /cvmfs/sphenix.sdcc.bnl.gov/alma9.2-gcc-14.2.0/opt/sphenix/core/gcc/14.2.0-2f0a0/x86_64-el9/bin/gcc -c -g -O2  -fPIC -DPIC -DPIC conftest.c >&5
configure:9030: $? = 0
configure:9043: result: yes
configure:9072: checking if /cvmfs/sphenix.sdcc.bnl.gov/alma9.2-gcc-14.2.0/opt/sphenix/core/gcc/14.2.0-2f0a0/x86_64-el9/bin/gcc static flag -static works
configure:9100: result: no
configure:9115: checking if /cvmfs/sphenix.sdcc.bnl.gov/alma9.2-gcc-14.2.0/opt/sphenix/core/gcc/14.2.0-2f0a0/x86_64-el9/bin/gcc supports -c -o file.o
configure:9136: /cvmfs/sphenix.sdcc.bnl.gov/alma9.2-gcc-14.2.0/opt/sphenix/core/gcc/14.2.0-2f0a0/x86_64-el9/bin/gcc -c -g -O2  -o out/conftest2.o conftest.c >&5
configure:9140: $? = 0
configure:9162: result: yes
configure:9170: checking if /cvmfs/sphenix.sdcc.bnl.gov/alma9.2-gcc-14.2.0/opt/sphenix/core/gcc/14.2.0-2f0a0/x86_64-el9/bin/gcc supports -c -o file.o
configure:9217: result: yes
configure:9250: checking whether the /cvmfs/sphenix.sdcc.bnl.gov/alma9.2-gcc-14.2.0/opt/sphenix/core/gcc/14.2.0-2f0a0/x86_64-el9/bin/gcc linker (/cvmfs/sphenix.sdcc.bnl.gov/alma9.2-gcc-14.2.0/opt/sphenix/core/binutils/2.40-acaab/x86_64-el9/bin/ld -m elf_x86_64) supports shared libraries
configure:10509: result: yes
configure:10546: checking whether -lc should be explicitly linked in
configure:10554: /cvmfs/sphenix.sdcc.bnl.gov/alma9.2-gcc-14.2.0/opt/sphenix/core/gcc/14.2.0-2f0a0/x86_64-el9/bin/gcc -c -g -O2  conftest.c >&5
configure:10557: $? = 0
configure:10572: /cvmfs/sphenix.sdcc.bnl.gov/alma9.2-gcc-14.2.0/opt/sphenix/core/gcc/14.2.0-2f0a0/x86_64-el9/bin/gcc -shared  -fPIC -DPIC conftest.o  -v -Wl,-soname -Wl,conftest -o conftest 2\>\&1 \| /usr/bin/grep  -lc  \>/dev/null 2\>\&1
configure:10575: $? = 0
configure:10589: result: no
configure:10749: checking dynamic linker characteristics
configure:11330: /cvmfs/sphenix.sdcc.bnl.gov/alma9.2-gcc-14.2.0/opt/sphenix/core/gcc/14.2.0-2f0a0/x86_64-el9/bin/gcc -o conftest -g -O2  -Wl,--enable-new-dtags -Wl,-rpath -Wl,/foo conftest.c  >&5
configure:11330: $? = 0
configure:11570: result: GNU/Linux ld.so
configure:11692: checking how to hardcode library paths into programs
configure:11717: result: immediate
configure:12265: checking whether stripping libraries is possible
configure:12270: result: yes
configure:12305: checking if libtool supports shared libraries
configure:12307: result: yes
configure:12310: checking whether to build shared libraries
configure:12335: result: yes
configure:12338: checking whether to build static libraries
configure:12342: result: no
configure:12365: checking how to run the C++ preprocessor
configure:12392: /cvmfs/sphenix.sdcc.bnl.gov/alma9.2-gcc-14.2.0/opt/sphenix/core/gcc/14.2.0-2f0a0/x86_64-el9/bin/g++ -E  conftest.cpp
configure:12392: $? = 0
configure:12406: /cvmfs/sphenix.sdcc.bnl.gov/alma9.2-gcc-14.2.0/opt/sphenix/core/gcc/14.2.0-2f0a0/x86_64-el9/bin/g++ -E  conftest.cpp
conftest.cpp:23:10: fatal error: ac_nonexistent.h: No such file or directory
   23 | #include <ac_nonexistent.h>
      |          ^~~~~~~~~~~~~~~~~~
compilation terminated.
configure:12406: $? = 1
configure: failed program was:
| /* confdefs.h */
| #define PACKAGE_NAME "svtxcaloeval"
| #define PACKAGE_TARNAME "svtxcaloeval"
| #define PACKAGE_VERSION "1.00"
| #define PACKAGE_STRING "svtxcaloeval 1.00"
| #define PACKAGE_BUGREPORT ""
| #define PACKAGE_URL ""
| #define PACKAGE "svtxcaloeval"
| #define VERSION "1.00"
| #define STDC_HEADERS 1
| #define HAVE_SYS_TYPES_H 1
| #define HAVE_SYS_STAT_H 1
| #define HAVE_STDLIB_H 1
| #define HAVE_STRING_H 1
| #define HAVE_MEMORY_H 1
| #define HAVE_STRINGS_H 1
| #define HAVE_INTTYPES_H 1
| #define HAVE_STDINT_H 1
| #define HAVE_UNISTD_H 1
| #define HAVE_DLFCN_H 1
| #define LT_OBJDIR ".libs/"
| /* end confdefs.h.  */
| #include <ac_nonexistent.h>
configure:12431: result: /cvmfs/sphenix.sdcc.bnl.gov/alma9.2-gcc-14.2.0/opt/sphenix/core/gcc/14.2.0-2f0a0/x86_64-el9/bin/g++ -E
configure:12451: /cvmfs/sphenix.sdcc.bnl.gov/alma9.2-gcc-14.2.0/opt/sphenix/core/gcc/14.2.0-2f0a0/x86_64-el9/bin/g++ -E  conftest.cpp
configure:12451: $? = 0
configure:12465: /cvmfs/sphenix.sdcc.bnl.gov/alma9.2-gcc-14.2.0/opt/sphenix/core/gcc/14.2.0-2f0a0/x86_64-el9/bin/g++ -E  conftest.cpp
conftest.cpp:23:10: fatal error: ac_nonexistent.h: No such file or directory
   23 | #include <ac_nonexistent.h>
      |          ^~~~~~~~~~~~~~~~~~
compilation terminated.
configure:12465: $? = 1
configure: failed program was:
| /* confdefs.h */
| #define PACKAGE_NAME "svtxcaloeval"
| #define PACKAGE_TARNAME "svtxcaloeval"
| #define PACKAGE_VERSION "1.00"
| #define PACKAGE_STRING "svtxcaloeval 1.00"
| #define PACKAGE_BUGREPORT ""
| #define PACKAGE_URL ""
| #define PACKAGE "svtxcaloeval"
| #define VERSION "1.00"
| #define STDC_HEADERS 1
| #define HAVE_SYS_TYPES_H 1
| #define HAVE_SYS_STAT_H 1
| #define HAVE_STDLIB_H 1
| #define HAVE_STRING_H 1
| #define HAVE_MEMORY_H 1
| #define HAVE_STRINGS_H 1
| #define HAVE_INTTYPES_H 1
| #define HAVE_STDINT_H 1
| #define HAVE_UNISTD_H 1
| #define HAVE_DLFCN_H 1
| #define LT_OBJDIR ".libs/"
| /* end confdefs.h.  */
| #include <ac_nonexistent.h>
configure:12627: checking for ld used by /cvmfs/sphenix.sdcc.bnl.gov/alma9.2-gcc-14.2.0/opt/sphenix/core/gcc/14.2.0-2f0a0/x86_64-el9/bin/g++
configure:12694: result: /cvmfs/sphenix.sdcc.bnl.gov/alma9.2-gcc-14.2.0/opt/sphenix/core/binutils/2.40-acaab/x86_64-el9/bin/ld -m elf_x86_64
configure:12701: checking if the linker (/cvmfs/sphenix.sdcc.bnl.gov/alma9.2-gcc-14.2.0/opt/sphenix/core/binutils/2.40-acaab/x86_64-el9/bin/ld -m elf_x86_64) is GNU ld
configure:12716: result: yes
configure:12771: checking whether the /cvmfs/sphenix.sdcc.bnl.gov/alma9.2-gcc-14.2.0/opt/sphenix/core/gcc/14.2.0-2f0a0/x86_64-el9/bin/g++ linker (/cvmfs/sphenix.sdcc.bnl.gov/alma9.2-gcc-14.2.0/opt/sphenix/core/binutils/2.40-acaab/x86_64-el9/bin/ld -m elf_x86_64) supports shared libraries
configure:13844: result: yes
configure:13880: /cvmfs/sphenix.sdcc.bnl.gov/alma9.2-gcc-14.2.0/opt/sphenix/core/gcc/14.2.0-2f0a0/x86_64-el9/bin/g++ -c -g -O2 -std=c++20  conftest.cpp >&5
configure:13883: $? = 0
configure:14364: checking for /cvmfs/sphenix.sdcc.bnl.gov/alma9.2-gcc-14.2.0/opt/sphenix/core/gcc/14.2.0-2f0a0/x86_64-el9/bin/g++ option to produce PIC
configure:14371: result: -fPIC -DPIC
configure:14379: checking if /cvmfs/sphenix.sdcc.bnl.gov/alma9.2-gcc-14.2.0/opt/sphenix/core/gcc/14.2.0-2f0a0/x86_64-el9/bin/g++ PIC flag -fPIC -DPIC works
configure:14397: /cvmfs/sphenix.sdcc.bnl.gov/alma9.2-gcc-14.2.0/opt/sphenix/core/gcc/14.2.0-2f0a0/x86_64-el9/bin/g++ -c -g -O2 -std=c++20  -fPIC -DPIC -DPIC conftest.cpp >&5
configure:14401: $? = 0
configure:14414: result: yes
configure:14437: checking if /cvmfs/sphenix.sdcc.bnl.gov/alma9.2-gcc-14.2.0/opt/sphenix/core/gcc/14.2.0-2f0a0/x86_64-el9/bin/g++ static flag -static works
configure:14465: result: no
configure:14477: checking if /cvmfs/sphenix.sdcc.bnl.gov/alma9.2-gcc-14.2.0/opt/sphenix/core/gcc/14.2.0-2f0a0/x86_64-el9/bin/g++ supports -c -o file.o
configure:14498: /cvmfs/sphenix.sdcc.bnl.gov/alma9.2-gcc-14.2.0/opt/sphenix/core/gcc/14.2.0-2f0a0/x86_64-el9/bin/g++ -c -g -O2 -std=c++20  -o out/conftest2.o conftest.cpp >&5
configure:14502: $? = 0
configure:14524: result: yes
configure:14529: checking if /cvmfs/sphenix.sdcc.bnl.gov/alma9.2-gcc-14.2.0/opt/sphenix/core/gcc/14.2.0-2f0a0/x86_64-el9/bin/g++ supports -c -o file.o
configure:14576: result: yes
configure:14606: checking whether the /cvmfs/sphenix.sdcc.bnl.gov/alma9.2-gcc-14.2.0/opt/sphenix/core/gcc/14.2.0-2f0a0/x86_64-el9/bin/g++ linker (/cvmfs/sphenix.sdcc.bnl.gov/alma9.2-gcc-14.2.0/opt/sphenix/core/binutils/2.40-acaab/x86_64-el9/bin/ld -m elf_x86_64) supports shared libraries
configure:14646: result: yes
configure:14787: checking dynamic linker characteristics
configure:15535: result: GNU/Linux ld.so
configure:15600: checking how to hardcode library paths into programs
configure:15625: result: immediate
configure:15830: checking that generated files are newer than configure
configure:15836: result: done
configure:15863: creating ./config.status

## ---------------- ##
## Cache variables. ##
## ---------------- ##

ac_cv_build=x86_64-pc-linux-gnu
ac_cv_c_compiler_gnu=yes
ac_cv_cxx_compiler_gnu=yes
ac_cv_env_CCC_set=
ac_cv_env_CCC_value=
ac_cv_env_CC_set=set
ac_cv_env_CC_value=/cvmfs/sphenix.sdcc.bnl.gov/alma9.2-gcc-14.2.0/opt/sphenix/core/gcc/14.2.0-2f0a0/x86_64-el9/bin/gcc
ac_cv_env_CFLAGS_set=
ac_cv_env_CFLAGS_value=
ac_cv_env_CPPFLAGS_set=
ac_cv_env_CPPFLAGS_value=
ac_cv_env_CPP_set=
ac_cv_env_CPP_value=
ac_cv_env_CXXCPP_set=
ac_cv_env_CXXCPP_value=
ac_cv_env_CXXFLAGS_set=
ac_cv_env_CXXFLAGS_value=
ac_cv_env_CXX_set=set
ac_cv_env_CXX_value=/cvmfs/sphenix.sdcc.bnl.gov/alma9.2-gcc-14.2.0/opt/sphenix/core/gcc/14.2.0-2f0a0/x86_64-el9/bin/g++
ac_cv_env_LDFLAGS_set=
ac_cv_env_LDFLAGS_value=
ac_cv_env_LIBS_set=
ac_cv_env_LIBS_value=
ac_cv_env_LT_SYS_LIBRARY_PATH_set=
ac_cv_env_LT_SYS_LIBRARY_PATH_value=
ac_cv_env_build_alias_set=
ac_cv_env_build_alias_value=
ac_cv_env_host_alias_set=
ac_cv_env_host_alias_value=
ac_cv_env_target_alias_set=
ac_cv_env_target_alias_value=
ac_cv_header_dlfcn_h=yes
ac_cv_header_inttypes_h=yes
ac_cv_header_memory_h=yes
ac_cv_header_stdc=yes
ac_cv_header_stdint_h=yes
ac_cv_header_stdlib_h=yes
ac_cv_header_string_h=yes
ac_cv_header_strings_h=yes
ac_cv_header_sys_stat_h=yes
ac_cv_header_sys_types_h=yes
ac_cv_header_unistd_h=yes
ac_cv_host=x86_64-pc-linux-gnu
ac_cv_objext=o
ac_cv_path_EGREP='/usr/bin/grep -E'
ac_cv_path_FGREP='/usr/bin/grep -F'
ac_cv_path_GREP=/usr/bin/grep
ac_cv_path_SED=/usr/bin/sed
ac_cv_path_install='/usr/bin/install -c'
ac_cv_path_lt_DD=/usr/bin/dd
ac_cv_path_mkdir=/usr/bin/mkdir
ac_cv_prog_AWK=gawk
ac_cv_prog_CPP='/cvmfs/sphenix.sdcc.bnl.gov/alma9.2-gcc-14.2.0/opt/sphenix/core/gcc/14.2.0-2f0a0/x86_64-el9/bin/gcc -E'
ac_cv_prog_CXXCPP='/cvmfs/sphenix.sdcc.bnl.gov/alma9.2-gcc-14.2.0/opt/sphenix/core/gcc/14.2.0-2f0a0/x86_64-el9/bin/g++ -E'
ac_cv_prog_ac_ct_AR=ar
ac_cv_prog_ac_ct_CC=/cvmfs/sphenix.sdcc.bnl.gov/alma9.2-gcc-14.2.0/opt/sphenix/core/gcc/14.2.0-2f0a0/x86_64-el9/bin/gcc
ac_cv_prog_ac_ct_OBJDUMP=objdump
ac_cv_prog_ac_ct_RANLIB=ranlib
ac_cv_prog_ac_ct_STRIP=strip
ac_cv_prog_cc_c89=
ac_cv_prog_cc_g=yes
ac_cv_prog_cxx_g=yes
ac_cv_prog_make_make_set=yes
am_cv_CC_dependencies_compiler_type=gcc3
am_cv_CXX_dependencies_compiler_type=gcc3
am_cv_make_support_nested_variables=yes
am_cv_prog_cc_c_o=yes
lt_cv_ar_at_file=@
lt_cv_archive_cmds_need_lc=no
lt_cv_deplibs_check_method=pass_all
lt_cv_file_magic_cmd='$MAGIC_CMD'
lt_cv_file_magic_test_file=
lt_cv_ld_reload_flag=-r
lt_cv_nm_interface='BSD nm'
lt_cv_objdir=.libs
lt_cv_path_LD=/cvmfs/sphenix.sdcc.bnl.gov/alma9.2-gcc-14.2.0/opt/sphenix/core/binutils/2.40-acaab/x86_64-el9/bin/ld
lt_cv_path_LDCXX='/cvmfs/sphenix.sdcc.bnl.gov/alma9.2-gcc-14.2.0/opt/sphenix/core/binutils/2.40-acaab/x86_64-el9/bin/ld -m elf_x86_64'
lt_cv_path_NM='/cvmfs/sphenix.sdcc.bnl.gov/alma9.2-gcc-14.2.0/opt/sphenix/core/binutils/2.40-acaab/x86_64-el9/bin/nm -B'
lt_cv_path_mainfest_tool=no
lt_cv_prog_compiler_c_o=yes
lt_cv_prog_compiler_c_o_CXX=yes
lt_cv_prog_compiler_pic='-fPIC -DPIC'
lt_cv_prog_compiler_pic_CXX='-fPIC -DPIC'
lt_cv_prog_compiler_pic_works=yes
lt_cv_prog_compiler_pic_works_CXX=yes
lt_cv_prog_compiler_rtti_exceptions=no
lt_cv_prog_compiler_static_works=no
lt_cv_prog_compiler_static_works_CXX=no
lt_cv_prog_gnu_ld=yes
lt_cv_prog_gnu_ldcxx=yes
lt_cv_sharedlib_from_linklib_cmd='printf %s\n'
lt_cv_shlibpath_overrides_runpath=yes
lt_cv_sys_global_symbol_pipe='sed -n -e '\''s/^.*[	 ]\([ABCDGIRSTW][ABCDGIRSTW]*\)[	 ][	 ]*\([_A-Za-z][_A-Za-z0-9]*\)$/\1 \2 \2/p'\'' | sed '\''/ __gnu_lto/d'\'''
lt_cv_sys_global_symbol_to_c_name_address='sed -n -e '\''s/^: \(.*\) .*$/  {"\1", (void *) 0},/p'\'' -e '\''s/^[ABCDGIRSTW][ABCDGIRSTW]* .* \(.*\)$/  {"\1", (void *) \&\1},/p'\'''
lt_cv_sys_global_symbol_to_c_name_address_lib_prefix='sed -n -e '\''s/^: \(.*\) .*$/  {"\1", (void *) 0},/p'\'' -e '\''s/^[ABCDGIRSTW][ABCDGIRSTW]* .* \(lib.*\)$/  {"\1", (void *) \&\1},/p'\'' -e '\''s/^[ABCDGIRSTW][ABCDGIRSTW]* .* \(.*\)$/  {"lib\1", (void *) \&\1},/p'\'''
lt_cv_sys_global_symbol_to_cdecl='sed -n -e '\''s/^T .* \(.*\)$/extern int \1();/p'\'' -e '\''s/^[ABCDGIRSTW][ABCDGIRSTW]* .* \(.*\)$/extern char \1;/p'\'''
lt_cv_sys_global_symbol_to_import=
lt_cv_sys_max_cmd_len=1572864
lt_cv_to_host_file_cmd=func_convert_file_noop
lt_cv_to_tool_file_cmd=func_convert_file_noop
lt_cv_truncate_bin='/usr/bin/dd bs=4096 count=1'

## ----------------- ##
## Output variables. ##
## ----------------- ##

ACLOCAL='${SHELL} /sphenix/user/takakiku/GitHub/SiCalo/SvtxCaloEval/missing aclocal-1.16'
AMDEPBACKSLASH='\'
AMDEP_FALSE='#'
AMDEP_TRUE=''
AMTAR='$${TAR-tar}'
AM_BACKSLASH='\'
AM_DEFAULT_V='$(AM_DEFAULT_VERBOSITY)'
AM_DEFAULT_VERBOSITY='1'
AM_V='$(V)'
AR='ar'
AUTOCONF='${SHELL} /sphenix/user/takakiku/GitHub/SiCalo/SvtxCaloEval/missing autoconf'
AUTOHEADER='${SHELL} /sphenix/user/takakiku/GitHub/SiCalo/SvtxCaloEval/missing autoheader'
AUTOMAKE='${SHELL} /sphenix/user/takakiku/GitHub/SiCalo/SvtxCaloEval/missing automake-1.16'
AWK='gawk'
CC='/cvmfs/sphenix.sdcc.bnl.gov/alma9.2-gcc-14.2.0/opt/sphenix/core/gcc/14.2.0-2f0a0/x86_64-el9/bin/gcc'
CCDEPMODE='depmode=gcc3'
CFLAGS='-g -O2'
CPP='/cvmfs/sphenix.sdcc.bnl.gov/alma9.2-gcc-14.2.0/opt/sphenix/core/gcc/14.2.0-2f0a0/x86_64-el9/bin/gcc -E'
CPPFLAGS=''
CXX='/cvmfs/sphenix.sdcc.bnl.gov/alma9.2-gcc-14.2.0/opt/sphenix/core/gcc/14.2.0-2f0a0/x86_64-el9/bin/g++'
CXXCPP='/cvmfs/sphenix.sdcc.bnl.gov/alma9.2-gcc-14.2.0/opt/sphenix/core/gcc/14.2.0-2f0a0/x86_64-el9/bin/g++ -E'
CXXDEPMODE='depmode=gcc3'
CXXFLAGS='-g -O2 -std=c++20 -Wall -Werror'
CYGPATH_W='echo'
DEFS='-DPACKAGE_NAME=\"svtxcaloeval\" -DPACKAGE_TARNAME=\"svtxcaloeval\" -DPACKAGE_VERSION=\"1.00\" -DPACKAGE_STRING=\"svtxcaloeval\ 1.00\" -DPACKAGE_BUGREPORT=\"\" -DPACKAGE_URL=\"\" -DPACKAGE=\"svtxcaloeval\" -DVERSION=\"1.00\" -DSTDC_HEADERS=1 -DHAVE_SYS_TYPES_H=1 -DHAVE_SYS_STAT_H=1 -DHAVE_STDLIB_H=1 -DHAVE_STRING_H=1 -DHAVE_MEMORY_H=1 -DHAVE_STRINGS_H=1 -DHAVE_INTTYPES_H=1 -DHAVE_STDINT_H=1 -DHAVE_UNISTD_H=1 -DHAVE_DLFCN_H=1 -DLT_OBJDIR=\".libs/\"'
DEPDIR='.deps'
DLLTOOL='false'
DSYMUTIL=''
DUMPBIN=''
ECHO_C=''
ECHO_N='-n'
ECHO_T=''
EGREP='/usr/bin/grep -E'
EXEEXT=''
FGREP='/usr/bin/grep -F'
GREP='/usr/bin/grep'
INSTALL_DATA='${INSTALL} -m 644'
INSTALL_PROGRAM='${INSTALL}'
INSTALL_SCRIPT='${INSTALL}'
INSTALL_STRIP_PROGRAM='$(install_sh) -c -s'
LD='/cvmfs/sphenix.sdcc.bnl.gov/alma9.2-gcc-14.2.0/opt/sphenix/core/binutils/2.40-acaab/x86_64-el9/bin/ld -m elf_x86_64'
LDFLAGS='-Wl,--enable-new-dtags'
LIBOBJS=''
LIBS=''
LIBTOOL='$(SHELL) $(top_builddir)/libtool'
LIPO=''
LN_S='ln -s'
LTLIBOBJS=''
LT_SYS_LIBRARY_PATH=''
MAKEINFO='${SHELL} /sphenix/user/takakiku/GitHub/SiCalo/SvtxCaloEval/missing makeinfo'
MANIFEST_TOOL=':'
MKDIR_P='/usr/bin/mkdir -p'
NM='/cvmfs/sphenix.sdcc.bnl.gov/alma9.2-gcc-14.2.0/opt/sphenix/core/binutils/2.40-acaab/x86_64-el9/bin/nm -B'
NMEDIT=''
OBJDUMP='objdump'
OBJEXT='o'
OTOOL64=''
OTOOL=''
PACKAGE='svtxcaloeval'
PACKAGE_BUGREPORT=''
PACKAGE_NAME='svtxcaloeval'
PACKAGE_STRING='svtxcaloeval 1.00'
PACKAGE_TARNAME='svtxcaloeval'
PACKAGE_URL=''
PACKAGE_VERSION='1.00'
PATH_SEPARATOR=':'
RANLIB='ranlib'
SED='/usr/bin/sed'
SET_MAKE=''
SHELL='/bin/sh'
STRIP='strip'
VERSION='1.00'
ac_ct_AR='ar'
ac_ct_CC='/cvmfs/sphenix.sdcc.bnl.gov/alma9.2-gcc-14.2.0/opt/sphenix/core/gcc/14.2.0-2f0a0/x86_64-el9/bin/gcc'
ac_ct_CXX=''
ac_ct_DUMPBIN=''
am__EXEEXT_FALSE=''
am__EXEEXT_TRUE='#'
am__fastdepCC_FALSE='#'
am__fastdepCC_TRUE=''
am__fastdepCXX_FALSE='#'
am__fastdepCXX_TRUE=''
am__include='include'
am__isrc=' -I$(srcdir)'
am__leading_dot='.'
am__nodep='_no'
am__quote=''
am__tar='$${TAR-tar} chof - "$$tardir"'
am__untar='$${TAR-tar} xf -'
bindir='${exec_prefix}/bin'
build='x86_64-pc-linux-gnu'
build_alias=''
build_cpu='x86_64'
build_os='linux-gnu'
build_vendor='pc'
datadir='${datarootdir}'
datarootdir='${prefix}/share'
docdir='${datarootdir}/doc/${PACKAGE_TARNAME}'
dvidir='${docdir}'
exec_prefix='${prefix}'
host='x86_64-pc-linux-gnu'
host_alias=''
host_cpu='x86_64'
host_os='linux-gnu'
host_vendor='pc'
htmldir='${docdir}'
includedir='${prefix}/include'
infodir='${datarootdir}/info'
install_sh='${SHELL} /sphenix/user/takakiku/GitHub/SiCalo/SvtxCaloEval/install-sh'
libdir='${exec_prefix}/lib'
libexecdir='${exec_prefix}/libexec'
localedir='${datarootdir}/locale'
localstatedir='${prefix}/var'
mandir='${datarootdir}/man'
mkdir_p='$(MKDIR_P)'
oldincludedir='/usr/include'
pdfdir='${docdir}'
prefix='/sphenix/user/takakiku/2025/github_test/SvtxCaloEval/build/../install'
program_transform_name='s,x,x,'
psdir='${docdir}'
runstatedir='${localstatedir}/run'
sbindir='${exec_prefix}/sbin'
sharedstatedir='${prefix}/com'
sysconfdir='${prefix}/etc'
target_alias=''

## ----------- ##
## confdefs.h. ##
## ----------- ##

/* confdefs.h */
#define PACKAGE_NAME "svtxcaloeval"
#define PACKAGE_TARNAME "svtxcaloeval"
#define PACKAGE_VERSION "1.00"
#define PACKAGE_STRING "svtxcaloeval 1.00"
#define PACKAGE_BUGREPORT ""
#define PACKAGE_URL ""
#define PACKAGE "svtxcaloeval"
#define VERSION "1.00"
#define STDC_HEADERS 1
#define HAVE_SYS_TYPES_H 1
#define HAVE_SYS_STAT_H 1
#define HAVE_STDLIB_H 1
#define HAVE_STRING_H 1
#define HAVE_MEMORY_H 1
#define HAVE_STRINGS_H 1
#define HAVE_INTTYPES_H 1
#define HAVE_STDINT_H 1
#define HAVE_UNISTD_H 1
#define HAVE_DLFCN_H 1
#define LT_OBJDIR ".libs/"

configure: exit 0

## ---------------------- ##
## Running config.status. ##
## ---------------------- ##

This file was extended by svtxcaloeval config.status 1.00, which was
generated by GNU Autoconf 2.69.  Invocation command line was

  CONFIG_FILES    = 
  CONFIG_HEADERS  = 
  CONFIG_LINKS    = 
  CONFIG_COMMANDS = 
  $ ./config.status 

on sphnxuser04.sdcc.bnl.gov

config.status:1070: creating Makefile
config.status:1227: executing depfiles commands
config.status:1304: cd .       && sed -e '/# am--include-marker/d' Makefile         | make -f - am--depfiles
make[1]: Entering directory '/gpfs/mnt/gpfs02/sphenix/user/takakiku/GitHub/SiCalo/SvtxCaloEval/build'
make[1]: Nothing to be done for 'am--depfiles'.
make[1]: Leaving directory '/gpfs/mnt/gpfs02/sphenix/user/takakiku/GitHub/SiCalo/SvtxCaloEval/build'
config.status:1309: $? = 0
config.status:1227: executing libtool commands
